PAGE:   1                                             PT. ALTO NETWORK                                   DATE: 15/02/22
REPORT ID: DNLDT04I                                   DAILY TRANSFER DESCRIPTION LISTING AS ISSUER                 TIME: 04:44:29

SETTLEMENT DATE        : 14/02/22
ACQUIRER F.I. NO.      : (1002) Maybank
BENEFICIARY F.I. NO.   : (1094) BCA

   TERMINAL  TRACE NUMBER     CARD ACCOUNT         RCPT  RCPT      RCPT      TRANS   FROM           TO                  AMOUNT                INTERCHANGE       BENEFICIARY       SWITCH FEE        REFERENCE           NOTES
   NO.       ACQ / SWT        NUMBER               NBR   DATE      TIME      TYPE    ACCOUNT        ACCOUNT             TRANSFER              FEE DUE FR.       FEE               DUE TO ALTO       NUMBER
   --------  ---------------  -------------------  ----  --------  --------  ------  -------------  ------------------  --------------------  ----------------  ----------------  ----------------  ------------------  ------------------
   00013082  069649 / 014641  5898759050279594006  0019  14/02/22  15:37:33  PMT SA     1073906853          1080348335           1,800,000             3,800             1,500             1,200                                            
   --------  ---------------  -------------------  ----  --------  --------  ------  -------------  ------------------  --------------------  ----------------  ----------------  ----------------  ------------------  ------------------
                                                                                            1 TRANSACTIONS, PAGE TOTAL           1,800,000             3,800             1,500             1,200
                                                                                            1 TRANSACTIONS, BANK TOTAL           1,800,000             3,800             1,500             1,200

PAGE:   2                                             PT. ALTO NETWORK                                   DATE: 15/02/22
REPORT ID: DNLDT04I                                   DAILY TRANSFER DESCRIPTION LISTING AS ISSUER                 TIME: 04:44:29

SETTLEMENT DATE        : 14/02/22
ACQUIRER F.I. NO.      : (1003) Permata
BENEFICIARY F.I. NO.   : (1003) Permata

   TERMINAL  TRACE NUMBER     CARD ACCOUNT         RCPT  RCPT      RCPT      TRANS   FROM           TO                  AMOUNT                INTERCHANGE       BENEFICIARY       SWITCH FEE        REFERENCE           NOTES
   NO.       ACQ / SWT        NUMBER               NBR   DATE      TIME      TYPE    ACCOUNT        ACCOUNT             TRANSFER              FEE DUE FR.       FEE               DUE TO ALTO       NUMBER
   --------  ---------------  -------------------  ----  --------  --------  ------  -------------  ------------------  --------------------  ----------------  ----------------  ----------------  ------------------  ------------------
   00274357  894388 / 013925  5898759070056592007  7228  14/02/22  13:34:51  PMT SA     1074168597          4118964689           1,000,000             3,800             1,500             1,200                                            
   00274357  891886 / 014068  5898759050277660007  7238  14/02/22  13:53:47  PMT SA     1078943102          4118964689             290,000             3,800             1,500             1,200                                            
   00274357  900308 / 014247  5898759050271123002  7243  14/02/22  14:29:55  PMT SA     1078706038          4118964689             555,000             3,800             1,500             1,200                                            
   00274357  902323 / 014596  5898759070065851006  7246  14/02/22  15:30:41  PMT SA     1074154987          4118964689           1,000,000             3,800             1,500             1,200                                            
   00275873  896472 / 014855  5898759050280128000  6689  14/02/22  16:25:51  PMT SA     1078969551          9898534038             500,000             3,800             1,500             1,200                                            
   --------  ---------------  -------------------  ----  --------  --------  ------  -------------  ------------------  --------------------  ----------------  ----------------  ----------------  ------------------  ------------------
                                                                                            5 TRANSACTIONS, PAGE TOTAL           3,345,000            19,000             7,500             6,000
                                                                                            5 TRANSACTIONS, BANK TOTAL           3,345,000            19,000             7,500             6,000

PAGE:   3                                             PT. ALTO NETWORK                                   DATE: 15/02/22
REPORT ID: DNLDT04I                                   DAILY TRANSFER DESCRIPTION LISTING AS ISSUER                 TIME: 04:44:29

SETTLEMENT DATE        : 14/02/22
ACQUIRER F.I. NO.      : (1003) Permata
BENEFICIARY F.I. NO.   : (1069) ArtaJasa

   TERMINAL  TRACE NUMBER     CARD ACCOUNT         RCPT  RCPT      RCPT      TRANS   FROM           TO                  AMOUNT                INTERCHANGE       BENEFICIARY       SWITCH FEE        REFERENCE           NOTES
   NO.       ACQ / SWT        NUMBER               NBR   DATE      TIME      TYPE    ACCOUNT        ACCOUNT             TRANSFER              FEE DUE FR.       FEE               DUE TO ALTO       NUMBER
   --------  ---------------  -------------------  ----  --------  --------  ------  -------------  ------------------  --------------------  ----------------  ----------------  ----------------  ------------------  ------------------
   00213497  883033 / 012438  5898759050219691003  6076  14/02/22  08:13:04  PMT SA     0923225404     725601016870532           1,983,500             3,500             2,100               900                        TRX TO Bank BRI     
   --------  ---------------  -------------------  ----  --------  --------  ------  -------------  ------------------  --------------------  ----------------  ----------------  ----------------  ------------------  ------------------
                                                                                            1 TRANSACTIONS, PAGE TOTAL           1,983,500             3,500             2,100               900
                                                                                            1 TRANSACTIONS, BANK TOTAL           1,983,500             3,500             2,100               900

PAGE:   4                                             PT. ALTO NETWORK                                   DATE: 15/02/22
REPORT ID: DNLDT04I                                   DAILY TRANSFER DESCRIPTION LISTING AS ISSUER                 TIME: 04:44:29

SETTLEMENT DATE        : 14/02/22
ACQUIRER F.I. NO.      : (1003) Permata
BENEFICIARY F.I. NO.   : (1094) BCA

   TERMINAL  TRACE NUMBER     CARD ACCOUNT         RCPT  RCPT      RCPT      TRANS   FROM           TO                  AMOUNT                INTERCHANGE       BENEFICIARY       SWITCH FEE        REFERENCE           NOTES
   NO.       ACQ / SWT        NUMBER               NBR   DATE      TIME      TYPE    ACCOUNT        ACCOUNT             TRANSFER              FEE DUE FR.       FEE               DUE TO ALTO       NUMBER
   --------  ---------------  -------------------  ----  --------  --------  ------  -------------  ------------------  --------------------  ----------------  ----------------  ----------------  ------------------  ------------------
   00215650  902057 / 014928  5898759050214355000  2876  14/02/22  16:44:29  PMT SA     0183209621          7655115994           3,250,000             3,800             1,500             1,200                                            
   00221938  900276 / 014978  5898759050268058005  4829  14/02/22  16:54:00  PMT SA     1078727396          5745444919           1,205,000             3,800             1,500             1,200                                            
   --------  ---------------  -------------------  ----  --------  --------  ------  -------------  ------------------  --------------------  ----------------  ----------------  ----------------  ------------------  ------------------
                                                                                            2 TRANSACTIONS, PAGE TOTAL           4,455,000             7,600             3,000             2,400
                                                                                            2 TRANSACTIONS, BANK TOTAL           4,455,000             7,600             3,000             2,400

PAGE:   5                                             PT. ALTO NETWORK                                   DATE: 15/02/22
REPORT ID: DNLDT04I                                   DAILY TRANSFER DESCRIPTION LISTING AS ISSUER                 TIME: 04:44:29

SETTLEMENT DATE        : 14/02/22
ACQUIRER F.I. NO.      : (1065) BTN
BENEFICIARY F.I. NO.   : (1094) BCA

   TERMINAL  TRACE NUMBER     CARD ACCOUNT         RCPT  RCPT      RCPT      TRANS   FROM           TO                  AMOUNT                INTERCHANGE       BENEFICIARY       SWITCH FEE        REFERENCE           NOTES
   NO.       ACQ / SWT        NUMBER               NBR   DATE      TIME      TYPE    ACCOUNT        ACCOUNT             TRANSFER              FEE DUE FR.       FEE               DUE TO ALTO       NUMBER
   --------  ---------------  -------------------  ----  --------  --------  ------  -------------  ------------------  --------------------  ----------------  ----------------  ----------------  ------------------  ------------------
   20991509  048298 / 013149  5898759050209992007  0534  14/02/22  11:02:22  PMT SA     0163235935          8760091554             400,000             3,800             1,500             1,200                                            
   --------  ---------------  -------------------  ----  --------  --------  ------  -------------  ------------------  --------------------  ----------------  ----------------  ----------------  ------------------  ------------------
                                                                                            1 TRANSACTIONS, PAGE TOTAL             400,000             3,800             1,500             1,200
                                                                                            1 TRANSACTIONS, BANK TOTAL             400,000             3,800             1,500             1,200

PAGE:   6                                             PT. ALTO NETWORK                                   DATE: 15/02/22
REPORT ID: DNLDT04I                                   DAILY TRANSFER DESCRIPTION LISTING AS ISSUER                 TIME: 04:44:29

SETTLEMENT DATE        : 14/02/22
ACQUIRER F.I. NO.      : (1094) BCA
BENEFICIARY F.I. NO.   : (1068) Rintis

   TERMINAL  TRACE NUMBER     CARD ACCOUNT         RCPT  RCPT      RCPT      TRANS   FROM           TO                  AMOUNT                INTERCHANGE       BENEFICIARY       SWITCH FEE        REFERENCE           NOTES
   NO.       ACQ / SWT        NUMBER               NBR   DATE      TIME      TYPE    ACCOUNT        ACCOUNT             TRANSFER              FEE DUE FR.       FEE               DUE TO ALTO       NUMBER
   --------  ---------------  -------------------  ----  --------  --------  ------  -------------  ------------------  --------------------  ----------------  ----------------  ----------------  ------------------  ------------------
   G998145D  032177 / 012424  5898759050299748004  3129  14/02/22  08:08:46  PMT SA     1078363505          7158787045             100,000             3,800             2,250               450                        TRX TO Bank Syariah 
   --------  ---------------  -------------------  ----  --------  --------  ------  -------------  ------------------  --------------------  ----------------  ----------------  ----------------  ------------------  ------------------
                                                                                            1 TRANSACTIONS, PAGE TOTAL             100,000             3,800             2,250               450
                                                                                            1 TRANSACTIONS, BANK TOTAL             100,000             3,800             2,250               450

PAGE:   7                                             PT. ALTO NETWORK                                   DATE: 15/02/22
REPORT ID: DNLDT04I                                   DAILY TRANSFER DESCRIPTION LISTING AS ISSUER                 TIME: 04:44:29

SETTLEMENT DATE        : 14/02/22
ACQUIRER F.I. NO.      : (1094) BCA
BENEFICIARY F.I. NO.   : (1069) ArtaJasa

   TERMINAL  TRACE NUMBER     CARD ACCOUNT         RCPT  RCPT      RCPT      TRANS   FROM           TO                  AMOUNT                INTERCHANGE       BENEFICIARY       SWITCH FEE        REFERENCE           NOTES
   NO.       ACQ / SWT        NUMBER               NBR   DATE      TIME      TYPE    ACCOUNT        ACCOUNT             TRANSFER              FEE DUE FR.       FEE               DUE TO ALTO       NUMBER
   --------  ---------------  -------------------  ----  --------  --------  ------  -------------  ------------------  --------------------  ----------------  ----------------  ----------------  ------------------  ------------------
   G9982697  008534 / 013535  5898759080029159008  9017  14/02/22  12:13:17  PMT SA     1077651621       1450091042560          10,000,000             3,800             2,100               600                        TRX TO Bank Mandiri 
   G9980559  021950 / 015190  5898759030031223003  4031  14/02/22  17:35:53  PMT SA     1075523536       1350098111113           2,000,000             3,800             2,100               600                        TRX TO Bank Mandiri 
   G998486K  023346 / 015319  5898759050222059008  7400  14/02/22  18:06:23  PMT SA     0033201621     140901008022502           2,000,000             3,800             2,100               600                        TRX TO Bank BRI     
   --------  ---------------  -------------------  ----  --------  --------  ------  -------------  ------------------  --------------------  ----------------  ----------------  ----------------  ------------------  ------------------
                                                                                            3 TRANSACTIONS, PAGE TOTAL          14,000,000            11,400             6,300             1,800
                                                                                            3 TRANSACTIONS, BANK TOTAL          14,000,000            11,400             6,300             1,800

PAGE:   8                                             PT. ALTO NETWORK                                   DATE: 15/02/22
REPORT ID: DNLDT04I                                   DAILY TRANSFER DESCRIPTION LISTING AS ISSUER                 TIME: 04:44:29

SETTLEMENT DATE        : 14/02/22
ACQUIRER F.I. NO.      : (1094) BCA
BENEFICIARY F.I. NO.   : (1094) BCA

   TERMINAL  TRACE NUMBER     CARD ACCOUNT         RCPT  RCPT      RCPT      TRANS   FROM           TO                  AMOUNT                INTERCHANGE       BENEFICIARY       SWITCH FEE        REFERENCE           NOTES
   NO.       ACQ / SWT        NUMBER               NBR   DATE      TIME      TYPE    ACCOUNT        ACCOUNT             TRANSFER              FEE DUE FR.       FEE               DUE TO ALTO       NUMBER
   --------  ---------------  -------------------  ----  --------  --------  ------  -------------  ------------------  --------------------  ----------------  ----------------  ----------------  ------------------  ------------------
   G997Z20N  028277 / 012044  5898759050285164000  0499  14/02/22  04:29:47  PMT SA     1079185678          2860341029              20,000             4,100             1,500               900                                            
   G997Z427  029659 / 012163  5898759050283086007  5491  14/02/22  06:35:43  PMT SA     1076970021          0020120029           5,000,000             4,100             1,500               900                                            
   G997Z1QL  030806 / 012259  5898759050277584009  2434  14/02/22  07:22:56  PMT SA     0183205331          4580286068           3,900,000             4,100             1,500               900                                            
   G998411H  030868 / 012264  5898759050273245001  4615  14/02/22  07:25:19  PMT SA     1078927743          6220439877              20,000             4,100             1,500               900                                            
   G997ZP9X  031133 / 012295  5898759050234283000  3582  14/02/22  07:34:46  PMT SA     0103207754          7401358751             150,000             4,100             1,500               900                                            
   G997ZP9X  031160 / 012302  5898759050234283000  3584  14/02/22  07:35:50  PMT SA     0103207754          5890109651             450,000             4,100             1,500               900                                            
   G997Z7JL  031951 / 012405  5898759080040485002  7084  14/02/22  08:01:26  PMT SA     1080063250          0840440869           1,000,000             4,100             1,500               900                                            
   G998630A  000425 / 012513  5898759050280711003  5655  14/02/22  08:40:58  PMT SA     1077337560          6880427669              30,000             4,100             1,500               900                                            
   G998387Q  000999 / 012570  5898759080034775004  2917  14/02/22  08:56:14  PMT CA     1079956771          7640590577             500,000             4,100             1,500               900                                            
   G997Z5AL  001641 / 012653  5898759050243565009  7179  14/02/22  09:13:53  PMT SA     1075533574          3890394409             100,000             4,100             1,500               900                                            
   G997Z9JK  002489 / 012782  5898759050283070001  1032  14/02/22  09:38:17  PMT SA     1079430273          4740298548             490,000             4,100             1,500               900                                            
   G997Z616  004527 / 013046  5898759050234868008  7586  14/02/22  10:32:20  PMT SA     1074447275          0081338174           5,000,000             4,100             1,500               900                                            
   G997Z0EX  005315 / 013139  5898759070056161001  5753  14/02/22  10:53:10  PMT SA     1079021403          5375040171           4,800,000             4,100             1,500               900                                            
   G998139R  005446 / 013158  5898759070064984006  2988  14/02/22  10:56:18  PMT SA     1077860181          0658025000           2,300,000             4,100             1,500               900                                            
   G998564W  006166 / 013235  5898759050231358003  1515  14/02/22  11:14:01  PMT SA     0033220049          3130031616           1,000,000             4,100             1,500               900                                            
   G997Z12C  006765 / 013296  5898759080025683001  3086  14/02/22  11:29:44  PMT SA     1323200587          4050232293          11,500,000             4,100             1,500               900                                            
   G997Z844  008060 / 013456  5898759050289692006  0575  14/02/22  12:02:07  PMT SA     1079545151          4160137989             800,000             4,100             1,500               900                                            
   G997Z6AD  008326 / 013503  5898759050242354009  2163  14/02/22  12:07:56  PMT SA     0253224151          0650653742           1,200,000             4,100             1,500               900                                            
   G997Z391  008764 / 013563  5898759050205709009  5400  14/02/22  12:18:35  PMT SA     0153305951          5880156812          10,000,000             4,100             1,500               900                                            
   G997Z54C  009201 / 013616  5898759050257813006  2638  14/02/22  12:28:41  PMT SA     1078642986          7610025301           3,500,000             4,100             1,500               900                                            
   G9983900  010973 / 013795  5898759050285826004  7392  14/02/22  13:12:14  PMT SA     1079249889          0840570827           3,000,000             4,100             1,500               900                                            
   G997ZM1Z  011735 / 013909  5898759050237152004  0276  14/02/22  13:31:46  PMT SA     1079179929          7150809554           5,100,000             4,100             1,500               900                                            
   G998570P  012470 / 014042  5898759070064818006  6483  14/02/22  13:51:08  PMT SA     1080098568          5750550233              50,000             4,100             1,500               900                                            
   G997Z71J  012824 / 014094  5898759050224514000  7787  14/02/22  14:01:18  PMT SA     0993304026          4070236571             500,000             4,100             1,500               900                                            
   G9983590  013642 / 014217  5898759050244877007  4889  14/02/22  14:22:10  PMT SA     0083306394          5240092681           4,000,000             4,100             1,500               900                                            
   G997ZJ49  014164 / 014309  5898759080028069000  0402  14/02/22  14:36:10  PMT SA     1074149738          1783014517             300,000             4,100             1,500               900                                            
   G997Z714  014230 / 014322  5898759050237907001  2951  14/02/22  14:37:56  PMT SA     1103251237          2471601537             368,200             4,100             1,500               900                                            
   G998645E  015485 / 014482  5898759050293883005  6135  14/02/22  15:11:24  PMT SA     1073596005          0060652759             500,000             4,100             1,500               900                                            
   G998222D  016707 / 014644  5898759050221362007  4622  14/02/22  15:41:31  PMT SA     0234104900          1660259216             250,000             4,100             1,500               900                                            
   G997Z3XE  016798 / 014663  5898759070062715006  4097  14/02/22  15:43:30  PMT SA     1078779485          3030381288          10,000,000             4,100             1,500               900                                            
   G997ZP4C  017468 / 014759  5898759080034049004  5927  14/02/22  15:59:47  PMT SA     1079983710          2731672531           4,000,000             4,100             1,500               900                                            
   G997Z7JJ  017821 / 014794  5898759050233256007  7491  14/02/22  16:08:59  PMT SA     0083271647          2872338919           1,150,000             4,100             1,500               900                                            
   G998645E  017943 / 014808  5898759080026855004  6164  14/02/22  16:11:48  PMT SA     0083271621          1290453425           1,000,000             4,100             1,500               900                                            
   G997ZJ44  018466 / 014846  5898759050217735000  1233  14/02/22  16:23:18  PMT SA     1074393434          5930370268           5,000,000             4,100             1,500               900                                            
   G997ZR2D  019841 / 014976  5898759050227347002  9730  14/02/22  16:53:40  PMT SA     0084106038          1480848558             400,000             4,100             1,500               900                                            
   G9986382  020668 / 015056  5898759080034775004  1878  14/02/22  17:11:01  PMT CA     1079956771          7640590577           1,000,000             4,100             1,500               900                                            
   G997Z58Z  022050 / 015198  5898759070055796005  6746  14/02/22  17:38:07  PMT SA     1077524645          6790066152          10,000,000             4,100             1,500               900                                            
   G997ZM50  022478 / 015247  5898759050280992009  2298  14/02/22  17:47:14  PMT SA     1079077824          5530369228             600,000             4,100             1,500               900                                            
   G997Z1AV  022866 / 015283  5898759050303849004  5779  14/02/22  17:55:45  PMT SA     0993307998          8650387636           9,000,000             4,100             1,500               900                                            
   G997Z20Y  023118 / 015301  5898759050216305003  6460  14/02/22  18:00:48  PMT SA     0083291435          5520296354           1,000,000             4,100             1,500               900                                            
   G997ZN1N  024426 / 015420  5898759080034983004  7474  14/02/22  18:32:47  PMT SA     0183213202          6800297751           5,000,000             4,100             1,500               900                                            
   G998570P  024843 / 015456  5898759070064818006  6639  14/02/22  18:42:06  PMT SA     1080098568          5750550233             750,000             4,100             1,500               900                                            
   G998588H  026120 / 015571  5898759050302251004  1027  14/02/22  19:09:05  PMT SA     1079973633          6000103835             900,000             4,100             1,500               900                                            
   G997ZE5T  026219 / 015581  5898759080035889002  0888  14/02/22  19:11:17  PMT SA     0923233784          5221643837             525,000             4,100             1,500               900                                            
   G998321U  028891 / 015813  5898759050262236003  7975  14/02/22  20:14:28  PMT SA     1077816271          7360950225             500,000             4,100             1,500               900                                            
   G997Z2XF  029851 / 015900  5898759050230442006  7419  14/02/22  20:42:10  PMT SA     1076213221          7151191146           1,660,000             4,100             1,500               900                                            
   G998395B  030404 / 015968  5898759050224514000  5461  14/02/22  21:02:28  PMT SA     0993304026          4140457791          10,000,000             4,100             1,500               900                                            
   G998638J  030713 / 015992  5898759050305837007  5502  14/02/22  21:16:16  PMT SA     1080196411          6275144961           1,000,000             4,100             1,500               900                                            
   --------  ---------------  -------------------  ----  --------  --------  ------  -------------  ------------------  --------------------  ----------------  ----------------  ----------------  ------------------  ------------------
                                                                                           48 TRANSACTIONS, PAGE TOTAL         129,313,200           196,800            72,000            43,200
                                                                                           48 TRANSACTIONS, BANK TOTAL         129,313,200           196,800            72,000            43,200
                                                                                           62 TRANSACTIONS, GRAND TOTAL        155,396,700           249,700            96,150            57,150

NOTE: TRANSACTIONS MARKED WITH A '*' ARE COUNTED, BUT THEIR AMOUNTS ARE NOT ADDED TO THE PAGE, BANK OR GRAND TOTALS.


                  ** ** ** ** ** END OF DAILY TRANSFER TRANSACTION LISTING AS ISSUER REPORT FOR BAG ** ** ** ** ** 
