PAGE:   1                                             PT. ALTO NETWORK                                   DATE: 15/02/22
REPORT ID: DNLDT04A                                   DAILY TRANSFER DESCRIPTION LISTING AS ACQUIRER             TIME: 04:40:16

SETTLEMENT DATE        : 14/02/22
ISSUER F.I. NO.        : (1002) Maybank
BENEFICIARY F.I. NO.   : (1094) BCA

   TERMINAL  TRACE NUMBER     CARD ACCOUNT         RCPT  RCPT      RCPT      TRANS   FROM           TO                  AMOUNT                  INTERCHANGE       REFERENCE           NOTES
   NO.       ACQ / SWT        NUMBER               NBR   DATE      TIME      TYPE    ACCOUNT        ACCOUNT             TRANSFER                FEE DUE FR.       NUMBER
   --------  ---------------  -------------------  ----  --------  --------  ------  -------------  ------------------  --------------------  ----------------  ------------------  ------------------
   ATM06001  006016 / 023681  0005104813102017373  6016  14/02/22  11:41:57  PMT SA     8768006541          7725226837             230,000             3,800                                            
   --------  ---------------  -------------------  ----  --------  --------  ------  -------------  ------------------  --------------------  ----------------  ------------------  ------------------
                                                                                            1 TRANSACTIONS, PAGE TOTAL             230,000             3,800
                                                                                            1 TRANSACTIONS, BANK TOTAL             230,000             3,800

PAGE:   2                                             PT. ALTO NETWORK                                   DATE: 15/02/22
REPORT ID: DNLDT04A                                   DAILY TRANSFER DESCRIPTION LISTING AS ACQUIRER             TIME: 04:40:16

SETTLEMENT DATE        : 14/02/22
ISSUER F.I. NO.        : (1009) BAG
BENEFICIARY F.I. NO.   : (1094) BCA

   TERMINAL  TRACE NUMBER     CARD ACCOUNT         RCPT  RCPT      RCPT      TRANS   FROM           TO                  AMOUNT                  INTERCHANGE       REFERENCE           NOTES
   NO.       ACQ / SWT        NUMBER               NBR   DATE      TIME      TYPE    ACCOUNT        ACCOUNT             TRANSFER                FEE DUE FR.       NUMBER
   --------  ---------------  -------------------  ----  --------  --------  ------  -------------  ------------------  --------------------  ----------------  ------------------  ------------------
   R1030004  136383 / 030088  5898759011111111110  6383  13/02/22  23:35:36  PMT SA  0000000000000          8855269721             700,000             3,800      0213233536136383                      
   A0930002  141146 / 016055  5898759050275061000  1146  14/02/22  07:05:25  PMT SA  0000000001078          7155221283           2,561,000             3,800                                            
   R3040006  636632 / 019512  5898759011111111110  6632  14/02/22  07:13:56  PMT SA  0000000000000          8171313171           1,000,000             3,800      0214071356636632                      
   R2114892  019361 / 023713  5898759011111111110  9361  14/02/22  07:23:42  PMT SA     1080038301          5785079474              50,000             3,800                                            
   R5010067  749234 / 027119  5898759011111111110  9234  14/02/22  07:32:29  PMT SA  0000000000000          8600352742             150,000             3,800      0214073229749234                      
   ATM09902  120122 / 000470  5898759050299628008  0122  14/02/22  07:45:50  PMT SA  0000000001013          6910227252             500,000             3,800                                            
   ATM09902  120124 / 000887  5898759050299628008  0124  14/02/22  07:46:46  PMT SA  0000000001013          6240163339             700,000             3,800                                            
   R5010001  222233 / 005430  5898759011111111110  2233  14/02/22  07:57:02  PMT SA  0000000000000          8600805836             100,000             3,800      0214075702222233                      
   A0008101  150165 / 006905  5898759080039629008  0165  14/02/22  07:59:47  PMT SA  0000000001079          3040419615             300,000             3,800                                            
   R2010026  964800 / 001750  5898759011111111110  4800  14/02/22  08:42:44  PMT SA  0000000000000          1100376951             229,000             3,800      0214084244964800                      
   R1010007  998082 / 013481  5898759011111111110  8082  14/02/22  08:59:58  PMT SA  0000000000000          4630097172             100,000             3,800      0214085958998082                      
   ATM07101  007010 / 017254  5898759080032382001  7010  14/02/22  09:04:26  PMT SA  0000000001078          8280160653             560,000             3,800                                            
   ATM07101  007012 / 018634  5898759080032382001  7012  14/02/22  09:05:55  PMT SA  0000000001078          8285000161          10,000,000             3,800                                            
   R6020007  440793 / 019424  5898759011111111110  0793  14/02/22  09:07:20  PMT SA  0000000000000          7315016151           1,800,000             3,800      0214090720440793                      
   R2984849  019389 / 001820  5898759011111111110  9389  14/02/22  09:25:42  PMT SA     1080145841          6220427089             500,000             3,800                                            
   ATM09601  027033 / 002531  5898759080035758009  7033  14/02/22  09:26:18  PMT CA  0000000000161          6430092098          12,475,000             3,800             121004684                      
   R3089057  070046 / 022686  5898759011111111110  0046  14/02/22  09:51:10  PMT SA  0000000000000          8550296722           1,500,000             3,800      0214095110070046                      
   R6010012  111122 / 023172  5898759011111111110  1122  14/02/22  09:51:51  PMT SA  0000000000000          8030518935             300,000             3,800      0214095151111122                      
   ATM00803  002009 / 028038  5898759050284206000  2009  14/02/22  09:57:26  PMT SA  0000000000183          8415403808             230,000             3,800                                            
   R5005725  019409 / 019763  5898759000000000000  9409  14/02/22  10:25:59  PMT SA     1094109911          7460666877             425,000             3,800       Dian Purwandari                      
   R0811779  019414 / 021481  5898759011111111110  9414  14/02/22  10:27:47  PMT SA     0993216704          7560112798           5,000,000             3,800                                            
   ATM00501  009019 / 002764  5898759050236281002  9019  14/02/22  11:18:43  PMT SA  0000000001075          1941293269             120,000             3,800                                            
   ATM09001  093107 / 011006  5898759070052269006  3107  14/02/22  11:27:53  PMT SA  0000000000085          7600115850             900,000             3,800                                            
   ATM07002  051059 / 011803  5898759080032750009  1059  14/02/22  11:28:46  PMT SA  0000000000713          3491356497           7,500,000             3,800                                            
   R8040001  092761 / 014121  5898759011111111110  2761  14/02/22  11:31:32  PMT SA  0000000000000          0244229120           5,000,000             3,800      0214113132092761                      
   ATM08001  008014 / 023753  5898759030036421008  8014  14/02/22  11:42:01  PMT SA  0000000001080          3740896074             100,000             3,800                   123                      
   R7616513  019529 / 013433  5898759011111111110  9529  14/02/22  12:06:30  PMT SA     1078185381          5440135333             270,000             3,800                                            
   ATM00802  081106 / 002721  5898759080032433002  1106  14/02/22  12:31:18  PMT SA  0000000000085          8800532923             500,000             3,800                                            
   A0000804  146160 / 011639  5898759080029956007  6160  14/02/22  12:41:31  PMT SA  0000000000184          3462555668           2,500,000             3,800                                            
   ATM10801  055090 / 014802  5898759050214101008  5090  14/02/22  12:45:03  PMT SA  0000000000993          1276012682           1,500,000             3,800                                            
   A0000803  121155 / 024408  5898759070052285002  1155  14/02/22  12:55:59  PMT SA  0000000000085          7410696627             500,000             3,800                                            
   A0000804  146162 / 027130  5898759050230782005  6162  14/02/22  12:59:16  PMT SA  0000000000084          5890057782           4,000,000             3,800                                            
   ATM09601  027040 / 030478  5898759050234274009  7040  14/02/22  13:02:46  PMT SA  0000000000085          4740335621          10,000,000             3,800                                            
   R0973041  019538 / 009311  5898759000000000000  9538  14/02/22  13:14:07  PMT SA     1094109911        202702290942             158,800             3,800       Dian Purwandari                      
   ATM32001  070084 / 014799  5898759050297606006  0084  14/02/22  13:18:26  PMT SA  0000000001079          0940957095             200,000             3,800                     0                      
   R3050002  541276 / 015046  5898759011111111110  1276  14/02/22  13:19:01  PMT SA  0000000000000          6465218766             115,000             3,800      0214131901541276                      
   R6020007  867940 / 019871  5898759011111111110  7940  14/02/22  13:24:27  PMT SA  0000000000000          7315016151              50,000             3,800      0214132427867940                      
   ATM27301  069085 / 005422  5898759080030534009  9085  14/02/22  13:44:07  PMT SA  0000000001075          5335028071             250,000             3,800                                            
   R3339455  019545 / 010218  5898759011111111110  9545  14/02/22  13:49:46  PMT SA     1073566980          7860070477             200,000             3,800                                            
   A0010803  152159 / 014746  5898759050239844004  2159  14/02/22  13:54:34  PMT SA  0000000001083          4670142596          10,000,000             3,800                                            
   R9010004  421739 / 025610  5898759011111111110  1739  14/02/22  14:07:01  PMT SA  0000000000000          1490484848             180,474             3,800      0214140701421739                      
   A0000803  121165 / 028793  5898759050233997006  1165  14/02/22  14:10:00  PMT SA  0000000001076          6300838837           4,500,000             3,800                                            
   ATM00901  015033 / 005732  5898759080035222006  5033  14/02/22  14:20:34  PMT SA  0000000000093          3191612556          25,000,000             3,800                                            
   R5010001  362051 / 007195  5898759011111111110  2051  14/02/22  14:22:42  PMT SA  0000000000000          8600681533             300,000             3,800      0214142242362051                      
   A0007005  114118 / 010882  5898759080027709002  4118  14/02/22  14:26:31  PMT SA  0000000001077          8205089744          10,000,000             3,800                                            
   ATM00803  002022 / 013530  5898759080026434008  2022  14/02/22  14:29:35  PMT SA  0000000001075          5315007051           1,200,000             3,800                                            
   R1010001  959814 / 016010  5898759011111111110  9814  14/02/22  14:32:39  PMT SA  0000000000000          7795081607             400,000             3,800      0214143239959814                      
   R5010052  155098 / 018814  5898759011111111110  5098  14/02/22  14:35:55  PMT SA  0000000000000          8600060270             495,000             3,800      0214143555155098                      
   --------  ---------------  -------------------  ----  --------  --------  ------  -------------  ------------------  --------------------  ----------------  ------------------  ------------------
                                                                                           48 TRANSACTIONS, PAGE TOTAL         125,119,274           182,400

PAGE:   3                                             PT. ALTO NETWORK                                   DATE: 15/02/22
REPORT ID: DNLDT04A                                   DAILY TRANSFER DESCRIPTION LISTING AS ACQUIRER             TIME: 04:40:16

SETTLEMENT DATE        : 14/02/22
ISSUER F.I. NO.        : (1009) BAG
BENEFICIARY F.I. NO.   : (1094) BCA

   TERMINAL  TRACE NUMBER     CARD ACCOUNT         RCPT  RCPT      RCPT      TRANS   FROM           TO                  AMOUNT                  INTERCHANGE       REFERENCE           NOTES
   NO.       ACQ / SWT        NUMBER               NBR   DATE      TIME      TYPE    ACCOUNT        ACCOUNT             TRANSFER                FEE DUE FR.       NUMBER
   --------  ---------------  -------------------  ----  --------  --------  ------  -------------  ------------------  --------------------  ----------------  ------------------  ------------------
   R9010004  363392 / 022064  5898759011111111110  3392  14/02/22  14:39:23  PMT SA  0000000000000          7935445094              25,000             3,800      0214143923363392                      
   R7785377  019571 / 030718  5898759000000000000  9571  14/02/22  14:48:35  PMT SA     1073690788          5240257191             150,000             3,800                                            
   R1030004  960260 / 031305  5898759011111111110  0260  14/02/22  14:49:20  PMT SA  0000000000000          8855269721           3,000,000             3,800      0214144920960260                      
   R2120008  660070 / 009032  5898759011111111110  0070  14/02/22  15:01:00  PMT SA  0000000000000          7890939257             420,000             3,800      0214150100660070                      
   R8010000  885437 / 012331  5898759011111111110  5437  14/02/22  15:04:45  PMT SA  0000000000000          8585142685             100,000             3,800      0214150445885437                      
   ATM33001  106112 / 015185  5898759080027403002  6112  14/02/22  15:07:38  PMT SA  0000000001075          1621192961           4,500,000             3,800                                            
   A0000802  018052 / 018781  5898759050221994007  8052  14/02/22  15:11:16  PMT SA  0000000001073          0060896411             700,000             3,800                                            
   R5010015  526348 / 022469  5898759011111111110  6348  14/02/22  15:15:26  PMT SA  0000000000000          6575135122             100,000             3,800      0214151526526348                      
   R3538800  019586 / 022800  5898759011111111110  9586  14/02/22  15:15:44  PMT SA     0085021753          6470266901           1,800,000             3,800                                            
   R9110230  019591 / 000100  5898759011111111110  9591  14/02/22  15:25:55  PMT SA     0084114383          3020525001           1,100,000             3,800                                            
   R1010002  142457 / 015450  5898759011111111110  2457  14/02/22  15:42:22  PMT SA  0000000000000          0440787037             150,000             3,800      0214154222142457                      
   R9828608  019596 / 016589  5898759011111111110  9596  14/02/22  15:43:40  PMT SA     0083251573          2371467591           1,275,000             3,800                                            
   R8466077  019601 / 020567  5898759011111111110  9601  14/02/22  15:48:17  PMT SA     1073782372          0083901974              50,000             3,800                                            
   R9010000  560051 / 021417  5898759011111111110  0051  14/02/22  15:49:20  PMT SA  0000000000000          3470187149             100,000             3,800      0214154920560051                      
   ATM00901  015040 / 030550  5898759080042454006  5040  14/02/22  15:59:25  PMT SA  0000000000085          6030896449          10,000,000             3,800                                            
   A0000801  157185 / 031669  5898759050220928006  7185  14/02/22  16:00:32  PMT SA  0000000000084          2171445266             100,000             3,800                                            
   R3010105  561359 / 003391  5898759011111111110  1359  14/02/22  16:06:01  PMT SA  0000000000000          8210593374             100,000             3,800      0214160601561359                      
   R7246571  019611 / 020806  5898759011111111110  9611  14/02/22  16:25:23  PMT SA     1075411088          7390818623           1,100,000             3,800                                            
   A0003002  079163 / 014991  5898759050270420003  9163  14/02/22  16:55:15  PMT SA  0000000001078          3790014404           3,000,000             3,800                                            
   R9010003  694220 / 032494  5898759011111111110  4220  14/02/22  17:14:54  PMT SA  0000000000000          0353105938             213,030             3,800      0214171454694220                      
   R9010003  743295 / 000531  5898759011111111110  3295  14/02/22  17:15:43  PMT SA  0000000000000          0353105938             106,515             3,800      0214171543743295                      
   R9010003  784392 / 001213  5898759011111111110  4392  14/02/22  17:16:24  PMT SA  0000000000000          0353105938              91,035             3,800      0214171624784392                      
   ATM09201  025045 / 008336  5898759050219485000  5045  14/02/22  17:23:52  PMT SA  0000000000924          5930263283              50,000             3,800                                            
   ATM00803  002034 / 030212  5898759050234132009  2034  14/02/22  17:47:44  PMT SA  0000000001075          2181581613           1,000,000             3,800                                            
   ATM01601  168192 / 027623  5898759070061872006  8192  14/02/22  18:21:07  PMT SA  0000000000163          2780052557             115,000             3,800                                            
   R7010013  945909 / 031997  5898759011111111110  5909  14/02/22  18:25:45  PMT SA  0000000000000          6965121564             300,000             3,800      0214182545945909                      
   R3010025  019000 / 000193  5898759011111111110  9000  14/02/22  18:26:59  PMT SA  0000000000000          0612796945             150,000             3,800      0214182659019000                      
   R2010004  533794 / 007302  5898759011111111110  3794  14/02/22  18:35:33  PMT SA  0000000000000          0262507091             200,000             3,800      0214183533533794                      
   A0003002  079169 / 009516  5898759050222481004  9169  14/02/22  18:37:56  PMT SA  0000000001073          3370425352             100,000             3,800         0143370425352                      
   ATM01602  080105 / 015734  5898759050228160008  0105  14/02/22  18:45:03  PMT SA  0000000000163          6550088621             200,000             3,800                                            
   R1010008  180475 / 016536  5898759011111111110  0475  14/02/22  18:46:20  PMT SA  0000000000000          7345019162             250,000             3,800      0214184620180475                      
   R9010005  182628 / 000164  5898759011111111110  2628  14/02/22  19:03:02  PMT SA  0000000000000          2881710031             293,000             3,800      0214190302182628                      
   A0000601  154177 / 007374  5898759080026872009  4177  14/02/22  19:08:47  PMT SA  0000000000064          2171009270             300,000             3,800            2171009270                      
   R5060024  922537 / 014632  5898759011111111110  2537  14/02/22  19:15:22  PMT SA  0000000000000          7892155669             110,000             3,800      0214191522922537                      
   R4001000  982199 / 030905  5898759011111111110  2199  14/02/22  19:33:02  PMT SA  0000000000000          3710361338             500,000             3,800      0214193302982199                      
   R3066939  019665 / 019550  5898759011111111110  9665  14/02/22  19:56:35  PMT SA     0084100838          5750431447           1,150,000             3,800                                            
   R3080011  613550 / 022682  5898759011111111110  3550  14/02/22  20:00:13  PMT SA  0000000000000          1851424666              32,942             3,800      0214200013613550                      
   A0000802  018073 / 023859  5898759050299357004  8073  14/02/22  20:01:15  PMT SA  0000000001079          0662969425           1,300,000             3,800                                            
   R0843232  019670 / 028676  5898759011111111110  9670  14/02/22  20:07:14  PMT SA     1076243081          1050320100           1,000,000             3,800                                            
   R1617818  019681 / 015131  5898759011111111110  9681  14/02/22  20:30:36  PMT SA     2773200435          2723337704             275,000             3,800                   pcr                      
   ATM18001  094123 / 025120  5898759030034602005  4123  14/02/22  20:43:52  PMT SA  0000000001803          0030821530             700,000             3,800                                            
   R2010134  056481 / 007185  5898759011111111110  6481  14/02/22  20:57:36  PMT SA  0000000000000          7771633661             210,000             3,800      0214205736056481                      
   A0030005  127167 / 013757  5898759070064306002  7167  14/02/22  21:46:33  PMT SA  0000000001074          6340387412             150,000             3,800                                            
   R3020012  452907 / 011521  5898759011111111110  2907  14/02/22  22:10:52  PMT SA  0000000000000          7300309521              40,000             3,800      0214221052452907                      
   R2010004  502073 / 012518  5898759011111111110  2073  14/02/22  22:11:42  PMT SA  0000000000000          0262507091             100,000             3,800      0214221142502073                      
   --------  ---------------  -------------------  ----  --------  --------  ------  -------------  ------------------  --------------------  ----------------  ------------------  ------------------
                                                                                           45 TRANSACTIONS, PAGE TOTAL          36,706,522           171,000
                                                                                           93 TRANSACTIONS, BANK TOTAL         161,825,796           353,400

PAGE:   4                                             PT. ALTO NETWORK                                   DATE: 15/02/22
REPORT ID: DNLDT04A                                   DAILY TRANSFER DESCRIPTION LISTING AS ACQUIRER             TIME: 04:40:16

SETTLEMENT DATE        : 14/02/22
ISSUER F.I. NO.        : (1065) BTN
BENEFICIARY F.I. NO.   : (1094) BCA

   TERMINAL  TRACE NUMBER     CARD ACCOUNT         RCPT  RCPT      RCPT      TRANS   FROM           TO                  AMOUNT                  INTERCHANGE       REFERENCE           NOTES
   NO.       ACQ / SWT        NUMBER               NBR   DATE      TIME      TYPE    ACCOUNT        ACCOUNT             TRANSFER                FEE DUE FR.       NUMBER
   --------  ---------------  -------------------  ----  --------  --------  ------  -------------  ------------------  --------------------  ----------------  ------------------  ------------------
   A0000901  134137 / 022671  0006221008301564897  4137  14/02/22  11:04:56  PMT SA  0000012001560          2480371561           1,400,000             3,800                                            
   ATM00503  035052 / 019554  0004215708124312928  5052  14/02/22  15:12:08  PMT SA  0000021101500          6240922281           1,000,000             3,800                                            
   --------  ---------------  -------------------  ----  --------  --------  ------  -------------  ------------------  --------------------  ----------------  ------------------  ------------------
                                                                                            2 TRANSACTIONS, PAGE TOTAL           2,400,000             7,600
                                                                                            2 TRANSACTIONS, BANK TOTAL           2,400,000             7,600

PAGE:   5                                             PT. ALTO NETWORK                                   DATE: 15/02/22
REPORT ID: DNLDT04A                                   DAILY TRANSFER DESCRIPTION LISTING AS ACQUIRER             TIME: 04:40:16

SETTLEMENT DATE        : 14/02/22
ISSUER F.I. NO.        : (1094) BCA
BENEFICIARY F.I. NO.   : (1094) BCA

   TERMINAL  TRACE NUMBER     CARD ACCOUNT         RCPT  RCPT      RCPT      TRANS   FROM           TO                  AMOUNT                  INTERCHANGE       REFERENCE           NOTES
   NO.       ACQ / SWT        NUMBER               NBR   DATE      TIME      TYPE    ACCOUNT        ACCOUNT             TRANSFER                FEE DUE FR.       NUMBER
   --------  ---------------  -------------------  ----  --------  --------  ------  -------------  ------------------  --------------------  ----------------  ------------------  ------------------
   A0202805  143156 / 000837  0005260512023697442  3156  13/02/22  23:40:44  PMT SA          05516          2790242834             100,000             3,800                                            
   A0000804  146149 / 029571  0005260512019716909  6149  14/02/22  11:48:15  PMT SA          00604          0060518394             374,000             3,800                                            
   A0000804  146151 / 030398  0005260512019716909  6151  14/02/22  11:49:12  PMT SA          00604          5241921060             393,000             3,800                                            
   A0000804  146153 / 031318  0005260512019716909  6153  14/02/22  11:50:07  PMT SA          00604          2741535477             100,000             3,800                                            
   A0000804  146173 / 017134  0005260512019716909  6173  14/02/22  14:33:35  PMT SA          00604          5241921060           1,350,000             3,800                                            
   ATM01602  080096 / 031612  0005307952017932840  0096  14/02/22  15:24:25  PMT SA          57705          4761276136          10,000,000             3,800                                            
   A0000502  037073 / 025301  0005379412066899435  7073  14/02/22  21:55:07  PMT SA          66108          8670526900              50,000             3,800                                            
   --------  ---------------  -------------------  ----  --------  --------  ------  -------------  ------------------  --------------------  ----------------  ------------------  ------------------
                                                                                            7 TRANSACTIONS, PAGE TOTAL          12,367,000            26,600
                                                                                            7 TRANSACTIONS, BANK TOTAL          12,367,000            26,600
                                                                                          103 TRANSACTIONS, GRAND TOTAL        176,822,796           391,400

NOTE: TRANSACTIONS MARKED WITH A '*' ARE COUNTED, BUT THEIR AMOUNTS ARE NOT ADDED TO THE PAGE, BANK OR GRAND TOTALS.


                  ** ** ** ** ** END OF DAILY TRANSFER TRANSACTION LISTING AS ACQUIRER REPORT FOR BAG ** ** ** ** ** 
